11-23 01:10:20 com_github_MitjaNemec_ReplicateLayout.action_replicate_layout 409:Plugin executed on: 'linux'
11-23 01:10:20 com_github_MitjaNemec_ReplicateLayout.action_replicate_layout 410:Plugin executed with python version: '3.13.7 (main, Aug 15 2025, 12:34:02) [GCC 15.2.1 20250813]'
11-23 01:10:20 com_github_MitjaNemec_ReplicateLayout.action_replicate_layout 411:KiCad build version: 9.0.6
11-23 01:10:20 com_github_MitjaNemec_ReplicateLayout.action_replicate_layout 412:Plugin version: 4.0.3
11-23 01:10:20 com_github_MitjaNemec_ReplicateLayout.action_replicate_layout 413:Frame repr: <wx._core.Frame object at 0x7fa74b742f00>
11-23 01:10:20 com_github_MitjaNemec_ReplicateLayout.action_replicate_layout 437:Preparing replicator with J1101 as a reference
11-23 01:10:20 com_github_MitjaNemec_ReplicateLayout.replicate_layout 117:getting a list of all footprints on board
11-23 01:10:20 com_github_MitjaNemec_ReplicateLayout.action_replicate_layout 485:source anchor footprint is 'J1101'
Located on: ['/EXT SSR1/']
With filenames: ['extSSR.kicad_sch']
With sheet_id:['/EXT SSR1/']
11-23 01:10:20 com_github_MitjaNemec_ReplicateLayout.action_replicate_layout 492:Corresponding footprints are 
[('J1001', ['/EXT SSR/']), ('J1101', ['/EXT SSR1/'])]
11-23 01:10:20 com_github_MitjaNemec_ReplicateLayout.action_replicate_layout 504:Showing dialog
11-23 01:10:20 com_github_MitjaNemec_ReplicateLayout.replicate_layout 472:constructing a list of sheets suitable for replication on level:'/EXT SSR1/', file:'extSSR.kicad_sch'
11-23 01:10:20 com_github_MitjaNemec_ReplicateLayout.replicate_layout 509:suitable sheets are:[['/EXT SSR/']]
11-23 01:10:20 com_github_MitjaNemec_ReplicateLayout.replicate_layout 1512:Level selected: ['/EXT SSR1/']
11-23 01:10:20 com_github_MitjaNemec_ReplicateLayout.replicate_layout 1336:Filtering list of tracks
11-23 01:10:20 com_github_MitjaNemec_ReplicateLayout.action_replicate_layout 510:Toolbar position: wx.Point(1886, 61)
11-23 01:10:20 com_github_MitjaNemec_ReplicateLayout.action_replicate_layout 515:Dialog position: wx.Point(1447, 61)
11-23 01:10:22 com_github_MitjaNemec_ReplicateLayout.replicate_layout 472:constructing a list of sheets suitable for replication on level:'/EXT SSR1/', file:'extSSR.kicad_sch'
11-23 01:10:22 com_github_MitjaNemec_ReplicateLayout.replicate_layout 509:suitable sheets are:[['/EXT SSR/']]
11-23 01:10:22 com_github_MitjaNemec_ReplicateLayout.action_replicate_layout 248:Replicating layout
11-23 01:10:22 com_github_MitjaNemec_ReplicateLayout.replicate_layout 288:Starting replication of sheets: [['/EXT SSR/']]
on level: ['/EXT SSR1/']
with tracks=True, zone=True, text=True, text=True, intersecting=False, remove=False, locked footprints=False, group_only=False
11-23 01:10:22 root 340:updating GUI message: 'Preparing for replication'
11-23 01:10:23 com_github_MitjaNemec_ReplicateLayout.replicate_layout 358:Getting the list of source footprints
11-23 01:10:23 root 345:updating GUI with: 0
11-23 01:10:23 com_github_MitjaNemec_ReplicateLayout.replicate_layout 368:Getting the list of all the remaining footprints
11-23 01:10:23 root 345:updating GUI with: 16
11-23 01:10:23 com_github_MitjaNemec_ReplicateLayout.replicate_layout 375:Getting source tracks
11-23 01:10:23 com_github_MitjaNemec_ReplicateLayout.replicate_layout 1336:Filtering list of tracks
11-23 01:10:23 com_github_MitjaNemec_ReplicateLayout.replicate_layout 379:Getting source zones
11-23 01:10:23 com_github_MitjaNemec_ReplicateLayout.replicate_layout 383:Getting source text items
11-23 01:10:23 com_github_MitjaNemec_ReplicateLayout.replicate_layout 387:Getting source drawing items
11-23 01:10:23 root 340:updating GUI message: 'Replicating footprints'
11-23 01:10:23 com_github_MitjaNemec_ReplicateLayout.replicate_layout 863:Replicating footprints
11-23 01:10:23 com_github_MitjaNemec_ReplicateLayout.replicate_layout 870:Replicating footprints on sheet ['/EXT SSR/']
11-23 01:10:23 com_github_MitjaNemec_ReplicateLayout.replicate_layout 835:Src fp.id: 'D74A830D-680D-4AFA-86B2-2BC6712D782E'
11-23 01:10:23 com_github_MitjaNemec_ReplicateLayout.replicate_layout 839:Dst fp.id: 'D74A830D-680D-4AFA-86B2-2BC6712D782E'
11-23 01:10:23 com_github_MitjaNemec_ReplicateLayout.replicate_layout 888:Replicating footprint: 'TP1101'
11-23 01:10:23 com_github_MitjaNemec_ReplicateLayout.replicate_layout 835:Src fp.id: '61675732-8C6D-4FF9-BAF2-5EF9AA1E4B39'
11-23 01:10:23 com_github_MitjaNemec_ReplicateLayout.replicate_layout 839:Dst fp.id: '61675732-8C6D-4FF9-BAF2-5EF9AA1E4B39'
11-23 01:10:23 com_github_MitjaNemec_ReplicateLayout.replicate_layout 895:found match in dst footprint: 'TP1001'
11-23 01:10:23 com_github_MitjaNemec_ReplicateLayout.replicate_layout 990:Src text UUid:89637c21-23a2-4d5d-85b7-cb637720ecfb
11-23 01:10:23 com_github_MitjaNemec_ReplicateLayout.replicate_layout 991:Dst text UUid:beb7882f-e1a8-40da-90c9-1cb5a9cb66e8
11-23 01:10:23 com_github_MitjaNemec_ReplicateLayout.replicate_layout 990:Src text UUid:62ccd4e1-2107-4a34-9eba-ceb323ab8a07
11-23 01:10:23 com_github_MitjaNemec_ReplicateLayout.replicate_layout 991:Dst text UUid:8a6d412f-aea7-47e4-a3d9-0b947ec08c6e
11-23 01:10:23 com_github_MitjaNemec_ReplicateLayout.replicate_layout 990:Src text UUid:ac7365e7-2ad9-4194-a4fc-c1efab7757a9
11-23 01:10:23 com_github_MitjaNemec_ReplicateLayout.replicate_layout 991:Dst text UUid:b54d4f03-e9ea-4db6-aa6a-677201e538e3
11-23 01:10:23 com_github_MitjaNemec_ReplicateLayout.replicate_layout 888:Replicating footprint: 'R1102'
11-23 01:10:23 root 345:updating GUI with: 33
11-23 01:10:23 com_github_MitjaNemec_ReplicateLayout.replicate_layout 835:Src fp.id: '22D939CF-EF79-440D-A73F-32055E414BE0'
11-23 01:10:23 com_github_MitjaNemec_ReplicateLayout.replicate_layout 839:Dst fp.id: '22D939CF-EF79-440D-A73F-32055E414BE0'
11-23 01:10:23 com_github_MitjaNemec_ReplicateLayout.replicate_layout 895:found match in dst footprint: 'R1002'
11-23 01:10:23 com_github_MitjaNemec_ReplicateLayout.replicate_layout 990:Src text UUid:628fd427-e3bb-4063-8a9f-b8a2885eec91
11-23 01:10:23 com_github_MitjaNemec_ReplicateLayout.replicate_layout 991:Dst text UUid:bef66ec1-7531-4511-bd40-d566033edb56
11-23 01:10:23 com_github_MitjaNemec_ReplicateLayout.replicate_layout 990:Src text UUid:4e979372-c330-43c1-b916-d3b655eeb605
11-23 01:10:23 com_github_MitjaNemec_ReplicateLayout.replicate_layout 991:Dst text UUid:06c8b69f-f999-456e-9c2d-f0b6cc707ddc
11-23 01:10:23 com_github_MitjaNemec_ReplicateLayout.replicate_layout 990:Src text UUid:8a0bf0bb-2dfd-4054-8e2b-3cf5e5a51323
11-23 01:10:23 com_github_MitjaNemec_ReplicateLayout.replicate_layout 991:Dst text UUid:aa93bd3f-8776-47ff-b02d-fa8ae994d0b8
11-23 01:10:23 com_github_MitjaNemec_ReplicateLayout.replicate_layout 888:Replicating footprint: 'R1101'
11-23 01:10:23 com_github_MitjaNemec_ReplicateLayout.replicate_layout 835:Src fp.id: '451A790C-824B-49CE-948C-F7BDE2030286'
11-23 01:10:23 com_github_MitjaNemec_ReplicateLayout.replicate_layout 839:Dst fp.id: '451A790C-824B-49CE-948C-F7BDE2030286'
11-23 01:10:23 com_github_MitjaNemec_ReplicateLayout.replicate_layout 895:found match in dst footprint: 'R1001'
11-23 01:10:23 com_github_MitjaNemec_ReplicateLayout.replicate_layout 990:Src text UUid:757e7dac-46c8-4339-b528-d55896ea11fe
11-23 01:10:23 com_github_MitjaNemec_ReplicateLayout.replicate_layout 991:Dst text UUid:ae1206c6-2de9-4da7-b7ea-6b4a9ef144bb
11-23 01:10:23 com_github_MitjaNemec_ReplicateLayout.replicate_layout 990:Src text UUid:b815d524-0dd6-4fac-a7ae-979332214397
11-23 01:10:23 com_github_MitjaNemec_ReplicateLayout.replicate_layout 991:Dst text UUid:c3bb57f2-d81a-45b5-9fe8-58f9ef266019
11-23 01:10:23 com_github_MitjaNemec_ReplicateLayout.replicate_layout 990:Src text UUid:c5ee611b-b81e-48f1-a6ad-cbd497be4c6b
11-23 01:10:23 com_github_MitjaNemec_ReplicateLayout.replicate_layout 991:Dst text UUid:1a24d061-8831-410a-aed6-064e02402204
11-23 01:10:23 com_github_MitjaNemec_ReplicateLayout.replicate_layout 888:Replicating footprint: 'J1101'
11-23 01:10:23 com_github_MitjaNemec_ReplicateLayout.replicate_layout 835:Src fp.id: 'D74A830D-680D-4AFA-86B2-2BC6712D782E'
11-23 01:10:23 com_github_MitjaNemec_ReplicateLayout.replicate_layout 839:Dst fp.id: 'D74A830D-680D-4AFA-86B2-2BC6712D782E'
11-23 01:10:23 com_github_MitjaNemec_ReplicateLayout.replicate_layout 895:found match in dst footprint: 'J1001'
11-23 01:10:23 com_github_MitjaNemec_ReplicateLayout.replicate_layout 990:Src text UUid:9b9b3725-7006-475e-862c-4812ebe318ea
11-23 01:10:23 com_github_MitjaNemec_ReplicateLayout.replicate_layout 991:Dst text UUid:cefc4b47-7898-4158-b3c0-038a4610653d
11-23 01:10:23 com_github_MitjaNemec_ReplicateLayout.replicate_layout 990:Src text UUid:200a8a73-f4f4-478f-8d46-85b9b884f1df
11-23 01:10:23 com_github_MitjaNemec_ReplicateLayout.replicate_layout 991:Dst text UUid:4e3c6dea-e5ca-463f-a179-05348d2016f1
11-23 01:10:23 com_github_MitjaNemec_ReplicateLayout.replicate_layout 990:Src text UUid:14bda328-685c-4c34-ad31-1061213d02ac
11-23 01:10:23 com_github_MitjaNemec_ReplicateLayout.replicate_layout 991:Dst text UUid:c32d8f48-6bd3-4f95-9043-4b99f842d0b3
11-23 01:10:23 com_github_MitjaNemec_ReplicateLayout.replicate_layout 888:Replicating footprint: 'Q1101'
11-23 01:10:23 com_github_MitjaNemec_ReplicateLayout.replicate_layout 835:Src fp.id: 'E9C20898-CE9E-47D8-9916-77EA85AF3B70'
11-23 01:10:23 com_github_MitjaNemec_ReplicateLayout.replicate_layout 839:Dst fp.id: 'E9C20898-CE9E-47D8-9916-77EA85AF3B70'
11-23 01:10:23 com_github_MitjaNemec_ReplicateLayout.replicate_layout 895:found match in dst footprint: 'Q1001'
11-23 01:10:23 com_github_MitjaNemec_ReplicateLayout.replicate_layout 990:Src text UUid:e4b634b7-5a43-4ca1-98ef-2b3f546c90db
11-23 01:10:23 com_github_MitjaNemec_ReplicateLayout.replicate_layout 991:Dst text UUid:673c6b1e-861b-4262-8ad8-2fc1b49d2aef
11-23 01:10:23 com_github_MitjaNemec_ReplicateLayout.replicate_layout 990:Src text UUid:1296c6ff-d4a1-45bb-a14d-1cf6b859cb79
11-23 01:10:23 com_github_MitjaNemec_ReplicateLayout.replicate_layout 991:Dst text UUid:0bbcd57f-4f4f-42d3-9716-0370082cf2ed
11-23 01:10:23 com_github_MitjaNemec_ReplicateLayout.replicate_layout 990:Src text UUid:12c4d3bf-b9dc-4309-a886-aefdb3a2aec2
11-23 01:10:23 com_github_MitjaNemec_ReplicateLayout.replicate_layout 991:Dst text UUid:4ce0728c-e3d4-4eeb-88bd-a44583e88525
11-23 01:10:23 com_github_MitjaNemec_ReplicateLayout.replicate_layout 888:Replicating footprint: 'D1101'
11-23 01:10:23 com_github_MitjaNemec_ReplicateLayout.replicate_layout 835:Src fp.id: '3E145C27-FB64-42D9-B03C-53BF6457665A'
11-23 01:10:23 com_github_MitjaNemec_ReplicateLayout.replicate_layout 839:Dst fp.id: '3E145C27-FB64-42D9-B03C-53BF6457665A'
11-23 01:10:23 com_github_MitjaNemec_ReplicateLayout.replicate_layout 895:found match in dst footprint: 'D1001'
11-23 01:10:23 com_github_MitjaNemec_ReplicateLayout.replicate_layout 990:Src text UUid:160c8f75-39d4-48a2-b2b8-d7c03ef5c37a
11-23 01:10:23 com_github_MitjaNemec_ReplicateLayout.replicate_layout 991:Dst text UUid:2694b743-f1a1-4364-87d6-4fa0cd3699f6
11-23 01:10:23 com_github_MitjaNemec_ReplicateLayout.replicate_layout 990:Src text UUid:ce4d6c73-bfae-4a31-ac50-662611912511
11-23 01:10:23 com_github_MitjaNemec_ReplicateLayout.replicate_layout 991:Dst text UUid:b256cd59-3bbb-4c81-bf78-7be74b04c4e6
11-23 01:10:23 com_github_MitjaNemec_ReplicateLayout.replicate_layout 990:Src text UUid:29ad827a-bafb-41d9-a698-8103ed5f8e08
11-23 01:10:23 com_github_MitjaNemec_ReplicateLayout.replicate_layout 991:Dst text UUid:d1b82904-2814-4606-ab94-c4b493a3b0ff
11-23 01:10:23 root 340:updating GUI message: 'Replicating tracks'
11-23 01:10:23 com_github_MitjaNemec_ReplicateLayout.replicate_layout 1014:Replicating tracks
11-23 01:10:23 com_github_MitjaNemec_ReplicateLayout.replicate_layout 1020:Replicating tracks on sheet ['/EXT SSR/']
11-23 01:10:23 com_github_MitjaNemec_ReplicateLayout.replicate_layout 835:Src fp.id: 'D74A830D-680D-4AFA-86B2-2BC6712D782E'
11-23 01:10:23 com_github_MitjaNemec_ReplicateLayout.replicate_layout 839:Dst fp.id: 'D74A830D-680D-4AFA-86B2-2BC6712D782E'
11-23 01:10:23 com_github_MitjaNemec_ReplicateLayout.replicate_layout 792:Net pairs for sheet ['/EXT SSR/'] :[('Net-(D1101-A)', 'Net-(D1001-A)'), ('Net-(J1101-Pin_1)', 'Net-(J1001-Pin_1)'), ('/EN_LOAD_5', '/EN_LOAD_6'), ('Net-(D1101-K)', 'Net-(D1001-K)'), ('GND', 'GND'), ('+5V', '+5V')]
11-23 01:10:23 root 340:updating GUI message: 'Replicating zones'
11-23 01:10:23 com_github_MitjaNemec_ReplicateLayout.replicate_layout 1084:Replicating zones
11-23 01:10:23 root 345:updating GUI with: 0
11-23 01:10:23 com_github_MitjaNemec_ReplicateLayout.replicate_layout 1091:Replicating zones on sheet ['/EXT SSR/']
11-23 01:10:23 com_github_MitjaNemec_ReplicateLayout.replicate_layout 835:Src fp.id: 'D74A830D-680D-4AFA-86B2-2BC6712D782E'
11-23 01:10:23 com_github_MitjaNemec_ReplicateLayout.replicate_layout 839:Dst fp.id: 'D74A830D-680D-4AFA-86B2-2BC6712D782E'
11-23 01:10:23 com_github_MitjaNemec_ReplicateLayout.replicate_layout 792:Net pairs for sheet ['/EXT SSR/'] :[('Net-(D1101-A)', 'Net-(D1001-A)'), ('Net-(J1101-Pin_1)', 'Net-(J1001-Pin_1)'), ('/EN_LOAD_5', '/EN_LOAD_6'), ('Net-(D1101-K)', 'Net-(D1001-K)'), ('GND', 'GND'), ('+5V', '+5V')]
11-23 01:10:23 root 340:updating GUI message: 'Replicating text'
11-23 01:10:23 com_github_MitjaNemec_ReplicateLayout.replicate_layout 1173:Replicating text
11-23 01:10:23 com_github_MitjaNemec_ReplicateLayout.replicate_layout 1180:Replicating text on sheet ['/EXT SSR/']
11-23 01:10:23 com_github_MitjaNemec_ReplicateLayout.replicate_layout 835:Src fp.id: 'D74A830D-680D-4AFA-86B2-2BC6712D782E'
11-23 01:10:23 com_github_MitjaNemec_ReplicateLayout.replicate_layout 839:Dst fp.id: 'D74A830D-680D-4AFA-86B2-2BC6712D782E'
11-23 01:10:23 root 340:updating GUI message: 'Replicating drawings'
11-23 01:10:23 com_github_MitjaNemec_ReplicateLayout.replicate_layout 1224:Replicating drawings
11-23 01:10:23 com_github_MitjaNemec_ReplicateLayout.replicate_layout 1230:Replicating drawings on sheet ['/EXT SSR/']
11-23 01:10:23 com_github_MitjaNemec_ReplicateLayout.replicate_layout 835:Src fp.id: 'D74A830D-680D-4AFA-86B2-2BC6712D782E'
11-23 01:10:23 com_github_MitjaNemec_ReplicateLayout.replicate_layout 839:Dst fp.id: 'D74A830D-680D-4AFA-86B2-2BC6712D782E'
11-23 01:10:25 com_github_MitjaNemec_ReplicateLayout.action_replicate_layout 264:Replication complete
